<?xml version="1.0" encoding="UTF-8"?>
<!-- Generated by org.testng.reporters.JUnitReportReporter -->
<testsuite hostname="LAPTOP-MB7DGVQG" failures="0" tests="1" name="Home.HomeTest" time="0.008" errors="0" timestamp="2024-06-03T13:30:13 IST" skipped="0">
  <testcase classname="Home.HomeTest" name="f" time="0.008"/>
</testsuite> <!-- Home.HomeTest -->
